<?xml version="1.0" encoding="UTF-8"?>
<robot generator="Robot 4.1 (Python 3.9.7 on win32)" generated="20210902 20:04:42.690" rpa="false" schemaversion="2">
<suite id="s1" name="CreateCharacters" source="G:\marvel-api\CreateCharacters.robot">
<test id="s1-t1" name="Deve cadastrar um personagem">
<kw name="Accounts And Set Headers">
<arg>jonathanT@yahoo.com</arg>
<kw name="Create Dictionary" library="BuiltIn">
<var>&amp;{usuario}</var>
<arg>email=${email}</arg>
<doc>Creates and returns a dictionary based on the given ``items``.</doc>
<msg timestamp="20210902 20:04:43.752" level="INFO">&amp;{usuario} = { email=jonathanT@yahoo.com }</msg>
<status status="PASS" starttime="20210902 20:04:43.751" endtime="20210902 20:04:43.752"/>
</kw>
<kw name="POST" library="RequestsLibrary">
<var>${response}</var>
<arg>http://marvel.qaninja.academy/accounts</arg>
<arg>json=${usuario}</arg>
<doc>Sends a POST request.</doc>
<msg timestamp="20210902 20:04:44.236" level="INFO">POST Request : url=http://marvel.qaninja.academy/accounts 
 path_url=/accounts 
 headers={'User-Agent': 'python-requests/2.26.0', 'Accept-Encoding': 'gzip, deflate', 'Accept': '*/*', 'Connection': 'keep-alive', 'Content-Length': '32', 'Content-Type': 'application/json'} 
 body=b'{"email": "jonathanT@yahoo.com"}' 
 </msg>
<msg timestamp="20210902 20:04:44.236" level="INFO">POST Response : url=http://marvel.qaninja.academy/accounts 
 status=200, reason=OK 
 headers={'Server': 'Cowboy', 'Connection': 'keep-alive', 'X-Powered-By': 'Express', 'Access-Control-Allow-Origin': '*', 'Content-Type': 'application/json; charset=utf-8', 'Content-Length': '41', 'Etag': 'W/"29-mBBDmSaVGVc4NYFds6DWNPSdUqM"', 'Date': 'Thu, 02 Sep 2021 23:04:43 GMT', 'Via': '1.1 vegur'} 
 body={"client_key":"6130ccf22f65af00162b31d3"} 
 </msg>
<msg timestamp="20210902 20:04:44.237" level="INFO">${response} = &lt;Response [200]&gt;</msg>
<status status="PASS" starttime="20210902 20:04:43.752" endtime="20210902 20:04:44.237"/>
</kw>
<kw name="Set Variable" library="BuiltIn">
<var>${client_key}</var>
<arg>${response.json()}[client_key]</arg>
<doc>Returns the given values which can then be assigned to a variables.</doc>
<msg timestamp="20210902 20:04:44.238" level="INFO">${client_key} = 6130ccf22f65af00162b31d3</msg>
<status status="PASS" starttime="20210902 20:04:44.237" endtime="20210902 20:04:44.238"/>
</kw>
<kw name="Create Dictionary" library="BuiltIn">
<var>&amp;{HEADERS}</var>
<arg>client_key=${client_key}</arg>
<doc>Creates and returns a dictionary based on the given ``items``.</doc>
<msg timestamp="20210902 20:04:44.239" level="INFO">&amp;{HEADERS} = { client_key=6130ccf22f65af00162b31d3 }</msg>
<status status="PASS" starttime="20210902 20:04:44.239" endtime="20210902 20:04:44.239"/>
</kw>
<kw name="Set Suite Variable" library="BuiltIn">
<arg>${HEADERS}</arg>
<doc>Makes a variable available everywhere within the scope of the current suite.</doc>
<msg timestamp="20210902 20:04:44.240" level="INFO">${HEADERS} = {'client_key': '6130ccf22f65af00162b31d3'}</msg>
<status status="PASS" starttime="20210902 20:04:44.240" endtime="20210902 20:04:44.240"/>
</kw>
<status status="PASS" starttime="20210902 20:04:43.750" endtime="20210902 20:04:44.240"/>
</kw>
<kw name="Factory Thanos" library="Thanos">
<var>&amp;{personagem}</var>
<msg timestamp="20210902 20:04:44.242" level="INFO">&amp;{personagem} = { name=Jacqueline Richards | aliases=Thanos | age=3000 | team=Ordem Negra | active=False }</msg>
<status status="PASS" starttime="20210902 20:04:44.241" endtime="20210902 20:04:44.242"/>
</kw>
<kw name="POST" library="RequestsLibrary">
<var>${response}</var>
<arg>http://marvel.qaninja.academy/characters</arg>
<arg>json=${personagem}</arg>
<arg>headers=${headers}</arg>
<doc>Sends a POST request.</doc>
<msg timestamp="20210902 20:04:44.568" level="INFO">POST Request : url=http://marvel.qaninja.academy/characters 
 path_url=/characters 
 headers={'User-Agent': 'python-requests/2.26.0', 'Accept-Encoding': 'gzip, deflate', 'Accept': '*/*', 'Connection': 'keep-alive', 'client_key': '6130ccf22f65af00162b31d3', 'Content-Length': '105', 'Content-Type': 'application/json'} 
 body=b'{"name": "Jacqueline Richards", "aliases": "Thanos", "age": 3000, "team": "Ordem Negra", "active": false}' 
 </msg>
<msg timestamp="20210902 20:04:44.568" level="INFO">POST Response : url=http://marvel.qaninja.academy/characters 
 status=200, reason=OK 
 headers={'Server': 'Cowboy', 'Connection': 'keep-alive', 'X-Powered-By': 'Express', 'Access-Control-Allow-Origin': '*', 'Content-Type': 'application/json; charset=utf-8', 'Content-Length': '164', 'Etag': 'W/"a4-pDb2ifp0SxGE9G290tDJQL4NZAU"', 'Date': 'Thu, 02 Sep 2021 23:04:43 GMT', 'Via': '1.1 vegur'} 
 body={"_id":"6131588b2f65af00162b3897","name":"Jacqueline Richards","age":3000,"aliases":"Thanos","team":"Ordem Negra","active":false,"owner":"6130ccf22f65af00162b31d3"} 
 </msg>
<msg timestamp="20210902 20:04:44.568" level="INFO">${response} = &lt;Response [200]&gt;</msg>
<status status="PASS" starttime="20210902 20:04:44.243" endtime="20210902 20:04:44.568"/>
</kw>
<kw name="Status Should Be" library="RequestsLibrary">
<arg>200</arg>
<arg>${response}</arg>
<doc>Fails if response status code is different than the expected.</doc>
<status status="PASS" starttime="20210902 20:04:44.569" endtime="20210902 20:04:44.569"/>
</kw>
<status status="PASS" starttime="20210902 20:04:43.749" endtime="20210902 20:04:44.569"/>
</test>
<doc>Suite de Teste do cadastro de personagens na API da Marvel</doc>
<status status="PASS" starttime="20210902 20:04:42.696" endtime="20210902 20:04:44.570"/>
</suite>
<statistics>
<total>
<stat pass="1" fail="0" skip="0">All Tests</stat>
</total>
<tag>
</tag>
<suite>
<stat pass="1" fail="0" skip="0" id="s1" name="CreateCharacters">CreateCharacters</stat>
</suite>
</statistics>
<errors>
</errors>
</robot>
